<?xml version="1.0" encoding="UTF-8"?>
<!-- Generated by org.testng.reporters.JUnitReportReporter -->
<testsuite name="com.selenium.DataDriven.testcases.LoginTestCase3" tests="4" time="0.014" ignored="0" failures="0" timestamp="19 Feb 2021 09:43:55 GMT" skipped="4" hostname="AIPLLTH321" errors="0">
  <testcase name="loginsuccess" time="0.003" classname="com.selenium.DataDriven.testcases.LoginTestCase3">
    <skipped/>
  </testcase> <!-- loginsuccess -->
  <testcase name="loginsuccess" time="0.004" classname="com.selenium.DataDriven.testcases.LoginTestCase3">
    <skipped/>
  </testcase> <!-- loginsuccess -->
  <testcase name="loginsuccess" time="0.003" classname="com.selenium.DataDriven.testcases.LoginTestCase3">
    <skipped/>
  </testcase> <!-- loginsuccess -->
  <testcase name="loginsuccess" time="0.004" classname="com.selenium.DataDriven.testcases.LoginTestCase3">
    <skipped/>
  </testcase> <!-- loginsuccess -->
</testsuite> <!-- com.selenium.DataDriven.testcases.LoginTestCase3 -->
