<?xml version="1.0" encoding="UTF-8"?>
<!-- Generated by org.testng.reporters.JUnitReportReporter -->
<testsuite name="com.selenium.DataDriven.TestCases.InboundwithoutPartitions" tests="3" time="51.426" ignored="0" failures="0" timestamp="24 Sep 2021 06:56:21 GMT" skipped="0" hostname="AIPLLTH321" errors="0">
  <testcase name="VerifyAppDis" time="22.246" classname="com.selenium.DataDriven.TestCases.InboundwithoutPartitions"/>
  <testcase name="verinstancestatus" time="11.412" classname="com.selenium.DataDriven.TestCases.InboundwithoutPartitions"/>
  <testcase name="UploadTenInputfile" time="17.768" classname="com.selenium.DataDriven.TestCases.InboundwithoutPartitions"/>
</testsuite> <!-- com.selenium.DataDriven.TestCases.InboundwithoutPartitions -->
