<?xml version="1.0" encoding="UTF-8"?>
<!-- Generated by org.testng.reporters.JUnitReportReporter -->
<testsuite name="com.selenium.DataDriven.testcases.LoginTestCase1" tests="3" time="81.303" ignored="0" failures="0" timestamp="23 Feb 2021 09:58:03 GMT" skipped="1" hostname="AIPLLTH321" errors="0">
  <testcase name="loginsuccess" time="0.001" classname="com.selenium.DataDriven.testcases.LoginTestCase1">
    <skipped/>
  </testcase> <!-- loginsuccess -->
  <testcase name="loginsuccess" time="39.491" classname="com.selenium.DataDriven.testcases.LoginTestCase1"/>
  <testcase name="loginsuccess" time="41.811" classname="com.selenium.DataDriven.testcases.LoginTestCase1"/>
</testsuite> <!-- com.selenium.DataDriven.testcases.LoginTestCase1 -->
