<?xml version="1.0" encoding="UTF-8"?>
<!-- Generated by org.testng.reporters.JUnitReportReporter -->
<testsuite name="com.selenium.DataDrive.Unlock_User.UnlockingLockedUserAccount" tests="3" time="151.589" ignored="0" failures="0" timestamp="05 Mar 2021 09:00:26 GMT" skipped="0" hostname="AIPLLTH321" errors="0">
  <testcase name="lockingUserAcc" time="28.854" classname="com.selenium.DataDrive.Unlock_User.UnlockingLockedUserAccount"/>
  <testcase name="unlockingUserAcc" time="79.504" classname="com.selenium.DataDrive.Unlock_User.UnlockingLockedUserAccount"/>
  <testcase name="permVerfUserUnLock" time="43.231" classname="com.selenium.DataDrive.Unlock_User.UnlockingLockedUserAccount"/>
</testsuite> <!-- com.selenium.DataDrive.Unlock_User.UnlockingLockedUserAccount -->
