<?xml version="1.0" encoding="UTF-8"?>
<!-- Generated by org.testng.reporters.JUnitReportReporter -->
<testsuite name="com.selenium.DataDriven.TestCases.TenantBasedPartition" tests="7" time="75.073" ignored="0" failures="0" timestamp="22 Sep 2021 12:44:56 GMT" skipped="0" hostname="AIPLLTH321" errors="0">
  <testcase name="verinstancestatus" time="5.072" classname="com.selenium.DataDriven.TestCases.TenantBasedPartition"/>
  <testcase name="verswitchtoLoc" time="5.249" classname="com.selenium.DataDriven.TestCases.TenantBasedPartition"/>
  <testcase name="VerifyAppDis" time="25.319" classname="com.selenium.DataDriven.TestCases.TenantBasedPartition"/>
  <testcase name="UploadTenInputfile" time="20.217" classname="com.selenium.DataDriven.TestCases.TenantBasedPartition"/>
  <testcase name="versrcevntdet" time="6.433" classname="com.selenium.DataDriven.TestCases.TenantBasedPartition"/>
  <testcase name="versrcbiskey" time="0.317" classname="com.selenium.DataDriven.TestCases.TenantBasedPartition"/>
  <testcase name="verrequestTargApp" time="12.466" classname="com.selenium.DataDriven.TestCases.TenantBasedPartition"/>
</testsuite> <!-- com.selenium.DataDriven.TestCases.TenantBasedPartition -->
