<?xml version="1.0" encoding="UTF-8"?>
<!-- Generated by org.testng.reporters.JUnitReportReporter -->
<testsuite name="com.selenium.DataDriven.testcases.LoginTestCase2" tests="2" time="0.009" ignored="0" failures="0" timestamp="19 Feb 2021 09:43:55 GMT" skipped="2" hostname="AIPLLTH321" errors="0">
  <testcase name="loginsuccess" time="0.005" classname="com.selenium.DataDriven.testcases.LoginTestCase2">
    <skipped/>
  </testcase> <!-- loginsuccess -->
  <testcase name="loginsuccess" time="0.004" classname="com.selenium.DataDriven.testcases.LoginTestCase2">
    <skipped/>
  </testcase> <!-- loginsuccess -->
</testsuite> <!-- com.selenium.DataDriven.testcases.LoginTestCase2 -->
